<?xml version="1.0" encoding="UTF-8"?>
<!-- Generated by org.testng.reporters.JUnitReportReporter -->
<testsuite skipped="0" hostname="Hasee-PC" name="com.automation.mypreparation.tests.Tc_OrderHistoryDetails_NoRecords" tests="1" failures="0" timestamp="31 Oct 2019 19:54:56 GMT" time="9.809" errors="0">
  <testcase name="verifyOrderHistoryDetais_NoRecords" time="9.809" classname="com.automation.mypreparation.tests.Tc_OrderHistoryDetails_NoRecords"/>
</testsuite> <!-- com.automation.mypreparation.tests.Tc_OrderHistoryDetails_NoRecords -->
