<?xml version="1.0" encoding="UTF-8"?>
<!-- Generated by org.testng.reporters.JUnitReportReporter -->
<testsuite skipped="0" hostname="Hasee-PC" name="com.automation.mypreparation.testdata.Tc_Login" tests="1" failures="0" timestamp="27 Oct 2019 07:02:00 GMT" time="12.342" errors="0">
  <testcase name="loginTest" time="12.342" classname="com.automation.mypreparation.testdata.Tc_Login"/>
</testsuite> <!-- com.automation.mypreparation.testdata.Tc_Login -->
